<?xml version="1.0" ?>
<testsuite name="TestHello-20221212140607" tests="3" time="0.234" failures="0" errors="0">
	<testcase classname="TestHello" name="test_hello" time="0.234"/>
	<testcase classname="TestHello" name="test_hello_hello" time="0.000"/>
	<testcase classname="TestHello" name="test_hello_name" time="0.000"/>
	<system-out><![CDATA[]]></system-out>
	<system-err><![CDATA[]]></system-err>
</testsuite>
